\BOOKMARK [1][-]{section.1}{Introducci\363n}{}% 1
\BOOKMARK [1][-]{section.2}{Marco Te\363rico}{}% 2
\BOOKMARK [1][-]{section.3}{Preliminares}{}% 3
\BOOKMARK [2][-]{subsection.3.1}{M\351todos Empleados}{section.3}% 4
\BOOKMARK [1][-]{section.4}{Metodolog\355a}{}% 5
\BOOKMARK [2][-]{subsection.4.1}{Dominio del problema y generaci\363n de ejemplos}{section.4}% 6
\BOOKMARK [2][-]{subsection.4.2}{Estructura de datos}{section.4}% 7
\BOOKMARK [2][-]{subsection.4.3}{C\341lculo de circunferencias}{section.4}% 8
\BOOKMARK [2][-]{subsection.4.4}{C\341lculo de grados de pertenencia}{section.4}% 9
\BOOKMARK [2][-]{subsection.4.5}{Implementaci\363n del esquema general}{section.4}% 10
\BOOKMARK [2][-]{subsection.4.6}{Clases principales y sus m\351todos}{section.4}% 11
\BOOKMARK [2][-]{subsection.4.7}{Pseudoc\363digo}{section.4}% 12
\BOOKMARK [2][-]{subsection.4.8}{Elementos descartados}{section.4}% 13
\BOOKMARK [2][-]{subsection.4.9}{Mejoras}{section.4}% 14
\BOOKMARK [1][-]{section.5}{Resultados}{}% 15
\BOOKMARK [2][-]{subsection.5.1}{Ejemplo 1: Circunferencias Conc\351ntricas}{section.5}% 16
\BOOKMARK [2][-]{subsection.5.2}{Ejemplo 2: Circunferencias Solapadas}{section.5}% 17
\BOOKMARK [2][-]{subsection.5.3}{Ejemplo 3: Circunferencias Separadas}{section.5}% 18
\BOOKMARK [1][-]{section.6}{Conclusiones}{}% 19
\BOOKMARK [1][-]{section*.1}{Referencias}{}% 20
