This is pdfTeX, Version 3.14159265-2.6-1.40.21 (MiKTeX 2.9.7380 64-bit) (preloaded format=pdflatex 2020.4.26)  16 JUN 2020 13:27
entering extended mode
**./Documentacion.tex
(Documentacion.tex
LaTeX2e <2020-02-02> patch level 5
L3 programming layer <2020-04-06>
("C:\Program Files\MiKTeX 2.9\tex/latex/ieeetran\IEEEtran.cls"
Document Class: IEEEtran 2015/08/26 V1.8b by Michael Shell
-- See the "IEEEtran_HOWTO" manual for usage information.
-- http://www.michaelshell.org/tex/ieeetran/
\@IEEEtrantmpdimenA=\dimen134
\@IEEEtrantmpdimenB=\dimen135
\@IEEEtrantmpdimenC=\dimen136
\@IEEEtrantmpcountA=\count167
\@IEEEtrantmpcountB=\count168
\@IEEEtrantmpcountC=\count169
\@IEEEtrantmptoksA=\toks15
LaTeX Font Info:    Trying to load font information for OT1+ptm on input line 5
03.
("C:\Program Files\MiKTeX 2.9\tex/latex/psnfss\ot1ptm.fd"
File: ot1ptm.fd 2001/06/04 font definitions for OT1/ptm.
)
-- Using 210mm x 297mm (a4) paper.
-- Using PDF output.
\@IEEEnormalsizeunitybaselineskip=\dimen137
-- This is a 10 point document.
\CLASSINFOnormalsizebaselineskip=\dimen138
\CLASSINFOnormalsizeunitybaselineskip=\dimen139
\IEEEnormaljot=\dimen140
LaTeX Font Info:    Font shape `OT1/ptm/bx/n' in size <5> not available
(Font)              Font shape `OT1/ptm/b/n' tried instead on input line 1090.
LaTeX Font Info:    Font shape `OT1/ptm/bx/it' in size <5> not available
(Font)              Font shape `OT1/ptm/b/it' tried instead on input line 1090.

LaTeX Font Info:    Font shape `OT1/ptm/bx/n' in size <7> not available
(Font)              Font shape `OT1/ptm/b/n' tried instead on input line 1090.
LaTeX Font Info:    Font shape `OT1/ptm/bx/it' in size <7> not available
(Font)              Font shape `OT1/ptm/b/it' tried instead on input line 1090.

LaTeX Font Info:    Font shape `OT1/ptm/bx/n' in size <8> not available
(Font)              Font shape `OT1/ptm/b/n' tried instead on input line 1090.
LaTeX Font Info:    Font shape `OT1/ptm/bx/it' in size <8> not available
(Font)              Font shape `OT1/ptm/b/it' tried instead on input line 1090.

LaTeX Font Info:    Font shape `OT1/ptm/bx/n' in size <9> not available
(Font)              Font shape `OT1/ptm/b/n' tried instead on input line 1090.
LaTeX Font Info:    Font shape `OT1/ptm/bx/it' in size <9> not available
(Font)              Font shape `OT1/ptm/b/it' tried instead on input line 1090.

LaTeX Font Info:    Font shape `OT1/ptm/bx/n' in size <10> not available
(Font)              Font shape `OT1/ptm/b/n' tried instead on input line 1090.
LaTeX Font Info:    Font shape `OT1/ptm/bx/it' in size <10> not available
(Font)              Font shape `OT1/ptm/b/it' tried instead on input line 1090.

LaTeX Font Info:    Font shape `OT1/ptm/bx/n' in size <11> not available
(Font)              Font shape `OT1/ptm/b/n' tried instead on input line 1090.
LaTeX Font Info:    Font shape `OT1/ptm/bx/it' in size <11> not available
(Font)              Font shape `OT1/ptm/b/it' tried instead on input line 1090.

LaTeX Font Info:    Font shape `OT1/ptm/bx/n' in size <12> not available
(Font)              Font shape `OT1/ptm/b/n' tried instead on input line 1090.
LaTeX Font Info:    Font shape `OT1/ptm/bx/it' in size <12> not available
(Font)              Font shape `OT1/ptm/b/it' tried instead on input line 1090.

LaTeX Font Info:    Font shape `OT1/ptm/bx/n' in size <17> not available
(Font)              Font shape `OT1/ptm/b/n' tried instead on input line 1090.
LaTeX Font Info:    Font shape `OT1/ptm/bx/it' in size <17> not available
(Font)              Font shape `OT1/ptm/b/it' tried instead on input line 1090.

LaTeX Font Info:    Font shape `OT1/ptm/bx/n' in size <20> not available
(Font)              Font shape `OT1/ptm/b/n' tried instead on input line 1090.
LaTeX Font Info:    Font shape `OT1/ptm/bx/it' in size <20> not available
(Font)              Font shape `OT1/ptm/b/it' tried instead on input line 1090.

LaTeX Font Info:    Font shape `OT1/ptm/bx/n' in size <24> not available
(Font)              Font shape `OT1/ptm/b/n' tried instead on input line 1090.
LaTeX Font Info:    Font shape `OT1/ptm/bx/it' in size <24> not available
(Font)              Font shape `OT1/ptm/b/it' tried instead on input line 1090.

\IEEEquantizedlength=\dimen141
\IEEEquantizedlengthdiff=\dimen142
\IEEEquantizedtextheightdiff=\dimen143
\IEEEilabelindentA=\dimen144
\IEEEilabelindentB=\dimen145
\IEEEilabelindent=\dimen146
\IEEEelabelindent=\dimen147
\IEEEdlabelindent=\dimen148
\IEEElabelindent=\dimen149
\IEEEiednormlabelsep=\dimen150
\IEEEiedmathlabelsep=\dimen151
\IEEEiedtopsep=\skip47
\c@section=\count170
\c@subsection=\count171
\c@subsubsection=\count172
\c@paragraph=\count173
\c@IEEEsubequation=\count174
\abovecaptionskip=\skip48
\belowcaptionskip=\skip49
\c@figure=\count175
\c@table=\count176
\@IEEEeqnnumcols=\count177
\@IEEEeqncolcnt=\count178
\@IEEEsubeqnnumrollback=\count179
\@IEEEquantizeheightA=\dimen152
\@IEEEquantizeheightB=\dimen153
\@IEEEquantizeheightC=\dimen154
\@IEEEquantizeprevdepth=\dimen155
\@IEEEquantizemultiple=\count180
\@IEEEquantizeboxA=\box45
\@IEEEtmpitemindent=\dimen156
\IEEEPARstartletwidth=\dimen157
\c@IEEEbiography=\count181
\@IEEEtranrubishbin=\box46
) ("C:\Program Files\MiKTeX 2.9\tex/latex/xcolor\xcolor.sty"
Package: xcolor 2016/05/11 v2.12 LaTeX color extensions (UK)

("C:\Program Files\MiKTeX 2.9\tex/latex/graphics-cfg\color.cfg"
File: color.cfg 2016/01/02 v1.6 sample color configuration
)
Package xcolor Info: Driver file: pdftex.def on input line 225.

("C:\Program Files\MiKTeX 2.9\tex/latex/graphics-def\pdftex.def"
File: pdftex.def 2018/01/08 v1.0l Graphics/color driver for pdftex
)
("C:\Program Files\MiKTeX 2.9\tex/latex/colortbl\colortbl.sty"
Package: colortbl 2020/01/04 v1.0e Color table columns (DPC)

("C:\Program Files\MiKTeX 2.9\tex/latex/tools\array.sty"
Package: array 2019/08/31 v2.4l Tabular extension package (FMi)
\col@sep=\dimen158
\ar@mcellbox=\box47
\extrarowheight=\dimen159
\NC@list=\toks16
\extratabsurround=\skip50
\backup@length=\skip51
\ar@cellbox=\box48
)
\everycr=\toks17
\minrowclearance=\skip52
)
\rownum=\count182
Package xcolor Info: Model `cmy' substituted by `cmy0' on input line 1348.
Package xcolor Info: Model `hsb' substituted by `rgb' on input line 1352.
Package xcolor Info: Model `RGB' extended on input line 1364.
Package xcolor Info: Model `HTML' substituted by `rgb' on input line 1366.
Package xcolor Info: Model `Hsb' substituted by `hsb' on input line 1367.
Package xcolor Info: Model `tHsb' substituted by `hsb' on input line 1368.
Package xcolor Info: Model `HSB' substituted by `hsb' on input line 1369.
Package xcolor Info: Model `Gray' substituted by `gray' on input line 1370.
Package xcolor Info: Model `wave' substituted by `hsb' on input line 1371.
)
("C:\Program Files\MiKTeX 2.9\tex/latex/amsmath\amsmath.sty"
Package: amsmath 2020/01/20 v2.17e AMS math features
\@mathmargin=\skip53

For additional information on amsmath, use the `?' option.
("C:\Program Files\MiKTeX 2.9\tex/latex/amsmath\amstext.sty"
Package: amstext 2000/06/29 v2.01 AMS text

("C:\Program Files\MiKTeX 2.9\tex/latex/amsmath\amsgen.sty"
File: amsgen.sty 1999/11/30 v2.0 generic functions
\@emptytoks=\toks18
\ex@=\dimen160
))
("C:\Program Files\MiKTeX 2.9\tex/latex/amsmath\amsbsy.sty"
Package: amsbsy 1999/11/29 v1.2d Bold Symbols
\pmbraise@=\dimen161
)
("C:\Program Files\MiKTeX 2.9\tex/latex/amsmath\amsopn.sty"
Package: amsopn 2016/03/08 v2.02 operator names
)
\inf@bad=\count183
LaTeX Info: Redefining \frac on input line 227.
\uproot@=\count184
\leftroot@=\count185
LaTeX Info: Redefining \overline on input line 389.
\classnum@=\count186
\DOTSCASE@=\count187
LaTeX Info: Redefining \ldots on input line 486.
LaTeX Info: Redefining \dots on input line 489.
LaTeX Info: Redefining \cdots on input line 610.
\Mathstrutbox@=\box49
\strutbox@=\box50
\big@size=\dimen162
LaTeX Font Info:    Redeclaring font encoding OML on input line 733.
LaTeX Font Info:    Redeclaring font encoding OMS on input line 734.
\macc@depth=\count188
\c@MaxMatrixCols=\count189
\dotsspace@=\muskip16
\c@parentequation=\count190
\dspbrk@lvl=\count191
\tag@help=\toks19
\row@=\count192
\column@=\count193
\maxfields@=\count194
\andhelp@=\toks20
\eqnshift@=\dimen163
\alignsep@=\dimen164
\tagshift@=\dimen165
\tagwidth@=\dimen166
\totwidth@=\dimen167
\lineht@=\dimen168
\@envbody=\toks21
\multlinegap=\skip54
\multlinetaggap=\skip55
\mathdisplay@stack=\toks22
LaTeX Info: Redefining \[ on input line 2859.
LaTeX Info: Redefining \] on input line 2860.
)
("C:\Program Files\MiKTeX 2.9\tex/latex/graphics\graphicx.sty"
Package: graphicx 2019/11/30 v1.2a Enhanced LaTeX Graphics (DPC,SPQR)

("C:\Program Files\MiKTeX 2.9\tex/latex/graphics\keyval.sty"
Package: keyval 2014/10/28 v1.15 key=value parser (DPC)
\KV@toks@=\toks23
)
("C:\Program Files\MiKTeX 2.9\tex/latex/graphics\graphics.sty"
Package: graphics 2019/11/30 v1.4a Standard LaTeX Graphics (DPC,SPQR)

("C:\Program Files\MiKTeX 2.9\tex/latex/graphics\trig.sty"
Package: trig 2016/01/03 v1.10 sin cos tan (DPC)
)
("C:\Program Files\MiKTeX 2.9\tex/latex/graphics-cfg\graphics.cfg"
File: graphics.cfg 2016/06/04 v1.11 sample graphics configuration
)
Package graphics Info: Driver file: pdftex.def on input line 105.
)
\Gin@req@height=\dimen169
\Gin@req@width=\dimen170
)
("C:\Program Files\MiKTeX 2.9\tex/latex/pseudo\pseudo.sty"
("C:\Program Files\MiKTeX 2.9\tex/latex/l3kernel\expl3.sty"
Package: expl3 2020-04-06 L3 programming layer (loader) 

("C:\Program Files\MiKTeX 2.9\tex/latex/l3backend\l3backend-pdfmode.def"
File: l3backend-pdfmode.def 2020-03-12 L3 backend support: PDF mode
\l__kernel_color_stack_int=\count195
\l__pdf_internal_box=\box51
))
Package: pseudo 2019/10/30 v1.1.3 Straightforward pseudocode

("C:\Program Files\MiKTeX 2.9\tex/latex/l3packages/xparse\xparse.sty"
Package: xparse 2020-03-06 L3 Experimental document command parser
\l__xparse_current_arg_int=\count196
\g__xparse_grabber_int=\count197
\l__xparse_m_args_int=\count198
\l__xparse_v_nesting_int=\count199
)
("C:\Program Files\MiKTeX 2.9\tex/latex/l3packages/l3keys2e\l3keys2e.sty"
Package: l3keys2e 2020-03-06 LaTeX2e option processing using LaTeX3 keys
)
("C:\Program Files\MiKTeX 2.9\tex/latex/oberdiek\aliascnt.sty"
Package: aliascnt 2018/09/07 v1.5 Alias counters (HO)
)
\c@pseudoenv=\count266
\c@pseudoline=\count267
\g__pseudo_last_saved_line_int=\count268
\pseudoindentlength=\dimen171
\g__pseudo_indent_level_int=\count269
\l__pseudo_initial_indent_level_int=\count270
)
("C:\Program Files\MiKTeX 2.9\tex/latex/algorithms\algorithm.sty"
Package: algorithm 2009/08/24 v0.1 Document Style `algorithm' - floating enviro
nment

("C:\Program Files\MiKTeX 2.9\tex/latex/float\float.sty"
Package: float 2001/11/08 v1.3d Float enhancements (AL)
\c@float@type=\count271
\float@exts=\toks24
\float@box=\box52
\@float@everytoks=\toks25
\@floatcapt=\box53
)
("C:\Program Files\MiKTeX 2.9\tex/latex/base\ifthen.sty"
Package: ifthen 2014/09/29 v1.1c Standard LaTeX ifthen package (DPC)
)
\@float@every@algorithm=\toks26
\c@algorithm=\count272
)
("C:\Program Files\MiKTeX 2.9\tex/latex/algorithmicx\algpseudocode.sty"
Package: algpseudocode 

("C:\Program Files\MiKTeX 2.9\tex/latex/algorithmicx\algorithmicx.sty"
Package: algorithmicx 2005/04/27 v1.2 Algorithmicx

Document Style algorithmicx 1.2 - a greatly improved `algorithmic' style
\c@ALG@line=\count273
\c@ALG@rem=\count274
\c@ALG@nested=\count275
\ALG@tlm=\skip56
\ALG@thistlm=\skip57
\c@ALG@Lnr=\count276
\c@ALG@blocknr=\count277
\c@ALG@storecount=\count278
\c@ALG@tmpcounter=\count279
\ALG@tmplength=\skip58
)
Document Style - pseudocode environments for use with the `algorithmicx' style
) ("C:\Program Files\MiKTeX 2.9\tex/latex/booktabs\booktabs.sty"
Package: booktabs 2020/01/12 v1.61803398 Publication quality tables
\heavyrulewidth=\dimen172
\lightrulewidth=\dimen173
\cmidrulewidth=\dimen174
\belowrulesep=\dimen175
\belowbottomsep=\dimen176
\aboverulesep=\dimen177
\abovetopsep=\dimen178
\cmidrulesep=\dimen179
\cmidrulekern=\dimen180
\defaultaddspace=\dimen181
\@cmidla=\count280
\@cmidlb=\count281
\@aboverulesep=\dimen182
\@belowrulesep=\dimen183
\@thisruleclass=\count282
\@lastruleclass=\count283
\@thisrulewidth=\dimen184
)
("C:\Program Files\MiKTeX 2.9\tex/latex/cite\cite.sty"
LaTeX Info: Redefining \cite on input line 302.
LaTeX Info: Redefining \nocite on input line 332.
Package: cite 2015/02/27  v 5.5
)
("C:\Program Files\MiKTeX 2.9\tex/latex/hyperref\hyperref.sty"
Package: hyperref 2020/01/14 v7.00d Hypertext links for LaTeX

("C:\Program Files\MiKTeX 2.9\tex/generic/ltxcmds\ltxcmds.sty"
Package: ltxcmds 2019/12/15 v1.24 LaTeX kernel commands for general use (HO)
)
("C:\Program Files\MiKTeX 2.9\tex/generic/iftex\iftex.sty"
Package: iftex 2020/03/06 v1.0d TeX engine tests
)
("C:\Program Files\MiKTeX 2.9\tex/latex/pdftexcmds\pdftexcmds.sty"
Package: pdftexcmds 2019/11/24 v0.31 Utility functions of pdfTeX for LuaTeX (HO
)

("C:\Program Files\MiKTeX 2.9\tex/generic/infwarerr\infwarerr.sty"
Package: infwarerr 2019/12/03 v1.5 Providing info/warning/error messages (HO)
)
Package pdftexcmds Info: \pdf@primitive is available.
Package pdftexcmds Info: \pdf@ifprimitive is available.
Package pdftexcmds Info: \pdfdraftmode found.
)
("C:\Program Files\MiKTeX 2.9\tex/generic/kvsetkeys\kvsetkeys.sty"
Package: kvsetkeys 2019/12/15 v1.18 Key value parser (HO)
)
("C:\Program Files\MiKTeX 2.9\tex/generic/kvdefinekeys\kvdefinekeys.sty"
Package: kvdefinekeys 2019-12-19 v1.6 Define keys (HO)
)
("C:\Program Files\MiKTeX 2.9\tex/generic/pdfescape\pdfescape.sty"
Package: pdfescape 2019/12/09 v1.15 Implements pdfTeX's escape features (HO)
)
("C:\Program Files\MiKTeX 2.9\tex/latex/hycolor\hycolor.sty"
Package: hycolor 2020-01-27 v1.10 Color options for hyperref/bookmark (HO)
)
("C:\Program Files\MiKTeX 2.9\tex/latex/letltxmacro\letltxmacro.sty"
Package: letltxmacro 2019/12/03 v1.6 Let assignment for LaTeX macros (HO)
)
("C:\Program Files\MiKTeX 2.9\tex/latex/auxhook\auxhook.sty"
Package: auxhook 2019-12-17 v1.6 Hooks for auxiliary files (HO)
)
("C:\Program Files\MiKTeX 2.9\tex/latex/kvoptions\kvoptions.sty"
Package: kvoptions 2019/11/29 v3.13 Key value format for package options (HO)
)
\@linkdim=\dimen185
\Hy@linkcounter=\count284
\Hy@pagecounter=\count285

("C:\Program Files\MiKTeX 2.9\tex/latex/hyperref\pd1enc.def"
File: pd1enc.def 2020/01/14 v7.00d Hyperref: PDFDocEncoding definition (HO)
Now handling font encoding PD1 ...
... no UTF-8 mapping file for font encoding PD1
)
("C:\Program Files\MiKTeX 2.9\tex/generic/intcalc\intcalc.sty"
Package: intcalc 2019/12/15 v1.3 Expandable calculations with integers (HO)
)
("C:\Program Files\MiKTeX 2.9\tex/generic/etexcmds\etexcmds.sty"
Package: etexcmds 2019/12/15 v1.7 Avoid name clashes with e-TeX commands (HO)
)
\Hy@SavedSpaceFactor=\count286
Package hyperref Info: Hyper figures OFF on input line 4547.
Package hyperref Info: Link nesting OFF on input line 4552.
Package hyperref Info: Hyper index ON on input line 4555.
Package hyperref Info: Plain pages OFF on input line 4562.
Package hyperref Info: Backreferencing OFF on input line 4567.
Package hyperref Info: Implicit mode ON; LaTeX internals redefined.
Package hyperref Info: Bookmarks ON on input line 4800.
\c@Hy@tempcnt=\count287

("C:\Program Files\MiKTeX 2.9\tex/latex/url\url.sty"
\Urlmuskip=\muskip17
Package: url 2013/09/16  ver 3.4  Verb mode for urls, etc.
)
LaTeX Info: Redefining \url on input line 5159.
\XeTeXLinkMargin=\dimen186

("C:\Program Files\MiKTeX 2.9\tex/generic/bitset\bitset.sty"
Package: bitset 2019/12/09 v1.3 Handle bit-vector datatype (HO)

("C:\Program Files\MiKTeX 2.9\tex/generic/bigintcalc\bigintcalc.sty"
Package: bigintcalc 2019/12/15 v1.5 Expandable calculations on big integers (HO
)
))
\Fld@menulength=\count288
\Field@Width=\dimen187
\Fld@charsize=\dimen188
Package hyperref Info: Hyper figures OFF on input line 6430.
Package hyperref Info: Link nesting OFF on input line 6435.
Package hyperref Info: Hyper index ON on input line 6438.
Package hyperref Info: backreferencing OFF on input line 6445.
Package hyperref Info: Link coloring OFF on input line 6450.
Package hyperref Info: Link coloring with OCG OFF on input line 6455.
Package hyperref Info: PDF/A mode OFF on input line 6460.
LaTeX Info: Redefining \ref on input line 6500.
LaTeX Info: Redefining \pageref on input line 6504.

("C:\Program Files\MiKTeX 2.9\tex/generic/atbegshi\atbegshi.sty"
Package: atbegshi 2019/12/05 v1.19 At begin shipout hook (HO)
)
\Hy@abspage=\count289
\c@Item=\count290
\c@Hfootnote=\count291
)
Package hyperref Info: Driver (autodetected): hpdftex.

("C:\Program Files\MiKTeX 2.9\tex/latex/hyperref\hpdftex.def"
File: hpdftex.def 2020/01/14 v7.00d Hyperref driver for pdfTeX

("C:\Program Files\MiKTeX 2.9\tex/latex/atveryend\atveryend.sty"
Package: atveryend 2019-12-11 v1.11 Hooks at the very end of document (HO)
Package atveryend Info: \enddocument detected (standard20110627).
)
\Fld@listcount=\count292
\c@bookmark@seq@number=\count293

("C:\Program Files\MiKTeX 2.9\tex/latex/rerunfilecheck\rerunfilecheck.sty"
Package: rerunfilecheck 2019/12/05 v1.9 Rerun checks for auxiliary files (HO)

("C:\Program Files\MiKTeX 2.9\tex/generic/uniquecounter\uniquecounter.sty"
Package: uniquecounter 2019/12/15 v1.4 Provide unlimited unique counter (HO)
)
Package uniquecounter Info: New unique counter `rerunfilecheck' on input line 2
86.
)
\Hy@SectionHShift=\skip59
)
Package hyperref Info: Option `colorlinks' set `true' on input line 24.

(Documentacion.aux)
\openout1 = `Documentacion.aux'.

LaTeX Font Info:    Checking defaults for OML/cmm/m/it on input line 67.
LaTeX Font Info:    ... okay on input line 67.
LaTeX Font Info:    Checking defaults for OMS/cmsy/m/n on input line 67.
LaTeX Font Info:    ... okay on input line 67.
LaTeX Font Info:    Checking defaults for OT1/cmr/m/n on input line 67.
LaTeX Font Info:    ... okay on input line 67.
LaTeX Font Info:    Checking defaults for T1/cmr/m/n on input line 67.
LaTeX Font Info:    ... okay on input line 67.
LaTeX Font Info:    Checking defaults for TS1/cmr/m/n on input line 67.
LaTeX Font Info:    ... okay on input line 67.
LaTeX Font Info:    Checking defaults for OMX/cmex/m/n on input line 67.
LaTeX Font Info:    ... okay on input line 67.
LaTeX Font Info:    Checking defaults for U/cmr/m/n on input line 67.
LaTeX Font Info:    ... okay on input line 67.
LaTeX Font Info:    Checking defaults for PD1/pdf/m/n on input line 67.
LaTeX Font Info:    ... okay on input line 67.

-- Lines per column: 56 (exact).
("C:\Program Files\MiKTeX 2.9\tex/context/base/mkii\supp-pdf.mkii"
[Loading MPS to PDF converter (version 2006.09.02).]
\scratchcounter=\count294
\scratchdimen=\dimen189
\scratchbox=\box54
\nofMPsegments=\count295
\nofMParguments=\count296
\everyMPshowfont=\toks27
\MPscratchCnt=\count297
\MPscratchDim=\dimen190
\MPnumerator=\count298
\makeMPintoPDFobject=\count299
\everyMPtoPDFconversion=\toks28
) ("C:\Program Files\MiKTeX 2.9\tex/latex/epstopdf-pkg\epstopdf-base.sty"
Package: epstopdf-base 2020-01-24 v2.11 Base part for package epstopdf
Package epstopdf-base Info: Redefining graphics rule for `.eps' on input line 4
85.
)
\AtBeginShipoutBox=\box55
Package hyperref Info: Link coloring ON on input line 67.

("C:\Program Files\MiKTeX 2.9\tex/latex/hyperref\nameref.sty"
Package: nameref 2019/09/16 v2.46 Cross-referencing by name of section

("C:\Program Files\MiKTeX 2.9\tex/latex/refcount\refcount.sty"
Package: refcount 2019/12/15 v3.6 Data extraction from label references (HO)
)
("C:\Program Files\MiKTeX 2.9\tex/generic/gettitlestring\gettitlestring.sty"
Package: gettitlestring 2019/12/15 v1.6 Cleanup title references (HO)
)
\c@section@level=\count300
)
LaTeX Info: Redefining \ref on input line 67.
LaTeX Info: Redefining \pageref on input line 67.
LaTeX Info: Redefining \nameref on input line 67.

(Documentacion.out) (Documentacion.out)
\@outlinefile=\write3
\openout3 = `Documentacion.out'.

 [1{C:/Users/enri8/AppData/Local/MiKTeX/2.9/pdftex/config/pdftex.map}


] [2]
<images/EjemploGenerado.png, id=108, 282.30469pt x 190.46156pt>
File: images/EjemploGenerado.png Graphic file (type png)
<use images/EjemploGenerado.png>
Package pdftex.def Info: images/EjemploGenerado.png  used on input line 172.
(pdftex.def)             Requested size: 225.84404pt x 152.36943pt.
<images/ArcoBaricentro.png, id=110, 173.14688pt x 173.14688pt>
File: images/ArcoBaricentro.png Graphic file (type png)
<use images/ArcoBaricentro.png>
Package pdftex.def Info: images/ArcoBaricentro.png  used on input line 194.
(pdftex.def)             Requested size: 155.83075pt x 155.83075pt.
<images/ArcoBaricentroResultado.png, id=111, 203.25937pt x 189.70876pt>
File: images/ArcoBaricentroResultado.png Graphic file (type png)
<use images/ArcoBaricentroResultado.png>
Package pdftex.def Info: images/ArcoBaricentroResultado.png  used on input line
 200.
(pdftex.def)             Requested size: 162.60771pt x 151.7672pt.
<images/ArcoCircuncentroResultado.png, id=113, 195.73125pt x 188.95593pt>
File: images/ArcoCircuncentroResultado.png Graphic file (type png)
<use images/ArcoCircuncentroResultado.png>
Package pdftex.def Info: images/ArcoCircuncentroResultado.png  used on input li
ne 208.
(pdftex.def)             Requested size: 156.58519pt x 151.16493pt.

Underfull \vbox (badness 10000) has occurred while \output is active []

 [3 <./images/EjemploGenerado.png> <./images/ArcoBaricentro.png> <./images/Arco
BaricentroResultado.png>] [4 <./images/ArcoCircuncentroResultado.png>]
Underfull \hbox (badness 10000) in paragraph at lines 250--251
[]\OT1/ptm/b/n/10 calculateDistanceToCluster[]noAbs(c)\OT1/ptm/m/n/10 : recibe 
como
 []


Underfull \hbox (badness 2401) in paragraph at lines 267--268
\OT1/ptm/m/n/10 rep-re-sentaci[]on de la cir-cun-fer-en-cia acorde con los
 []


Underfull \hbox (badness 10000) in paragraph at lines 272--273
[]\OT1/ptm/b/n/10 calculateWithCircumcenter(points)\OT1/ptm/m/n/10 : Recibe com
o
 []


Underfull \hbox (badness 10000) in paragraph at lines 273--274
[]\OT1/ptm/b/n/10 calculateWithBarycentre(list[]points)\OT1/ptm/m/n/10 : Recibe
 como
 []


Underfull \hbox (badness 10000) in paragraph at lines 287--288
[]\OT1/ptm/b/n/10 getClusterAssignment(threshold)\OT1/ptm/m/n/10 : Recibe como
 []


Underfull \hbox (badness 10000) in paragraph at lines 288--289
[]\OT1/ptm/b/n/10 groupPointsByCluster(cluserAssignment)\OT1/ptm/m/n/10 : Recib
e
 []

[5]
Overfull \hbox (7.85588pt too wide) in paragraph at lines 314--360
 [] 
 []


Underfull \vbox (badness 10000) has occurred while \output is active []

 [6]
<images/Experimentacion/Ejemplo1/Ejemplo1.png, id=182, 280.79906pt x 190.46156p
t>
File: images/Experimentacion/Ejemplo1/Ejemplo1.png Graphic file (type png)
<use images/Experimentacion/Ejemplo1/Ejemplo1.png>
Package pdftex.def Info: images/Experimentacion/Ejemplo1/Ejemplo1.png  used on 
input line 405.
(pdftex.def)             Requested size: 224.63954pt x 152.36943pt.
<images/Experimentacion/Ejemplo1/Ejemplo1Completo.png, id=183, 366.61969pt x 23
0.36063pt>
File: images/Experimentacion/Ejemplo1/Ejemplo1Completo.png Graphic file (type p
ng)
<use images/Experimentacion/Ejemplo1/Ejemplo1Completo.png>
Package pdftex.def Info: images/Experimentacion/Ejemplo1/Ejemplo1Completo.png  
used on input line 412.
(pdftex.def)             Requested size: 219.97351pt x 138.21742pt.
<images/Experimentacion/Ejemplo1/Ejemplo1Fallos.png, id=184, 283.81032pt x 223.
58531pt>
File: images/Experimentacion/Ejemplo1/Ejemplo1Fallos.png Graphic file (type png
)
<use images/Experimentacion/Ejemplo1/Ejemplo1Fallos.png>
Package pdftex.def Info: images/Experimentacion/Ejemplo1/Ejemplo1Fallos.png  us
ed on input line 418.
(pdftex.def)             Requested size: 198.66586pt x 156.50864pt.

Underfull \vbox (badness 3907) has occurred while \output is active []

 [7 <./images/Experimentacion/Ejemplo1/Ejemplo1.png> <./images/Experimentacion/
Ejemplo1/Ejemplo1Completo.png>]
<images/Experimentacion/Ejemplo1/Ejemplo1Ejecuciones.png, id=194, 459.21562pt x
 307.1475pt>
File: images/Experimentacion/Ejemplo1/Ejemplo1Ejecuciones.png Graphic file (typ
e png)
<use images/Experimentacion/Ejemplo1/Ejemplo1Ejecuciones.png>
Package pdftex.def Info: images/Experimentacion/Ejemplo1/Ejemplo1Ejecuciones.pn
g  used on input line 424.
(pdftex.def)             Requested size: 229.60724pt x 153.57336pt.
<images/Experimentacion/Ejemplo1/ej1_b_1_10_cc.png, id=195, 286.82156pt x 237.8
8875pt>
File: images/Experimentacion/Ejemplo1/ej1_b_1_10_cc.png Graphic file (type png)

<use images/Experimentacion/Ejemplo1/ej1_b_1_10_cc.png>
Package pdftex.def Info: images/Experimentacion/Ejemplo1/ej1_b_1_10_cc.png  use
d on input line 432.
(pdftex.def)             Requested size: 186.4318pt x 154.62584pt.
LaTeX Font Info:    Trying to load font information for TS1+ptm on input line 4
33.
 ("C:\Program Files\MiKTeX 2.9\tex/latex/psnfss\ts1ptm.fd"
File: ts1ptm.fd 2001/06/04 font definitions for TS1/ptm.
)
Underfull \hbox (badness 10000) in paragraph at lines 433--433

 []

<images/Experimentacion/Ejemplo1/ej1_b_1_10_mc.png, id=196, 280.04625pt x 234.1
247pt>
File: images/Experimentacion/Ejemplo1/ej1_b_1_10_mc.png Graphic file (type png)

<use images/Experimentacion/Ejemplo1/ej1_b_1_10_mc.png>
Package pdftex.def Info: images/Experimentacion/Ejemplo1/ej1_b_1_10_mc.png  use
d on input line 438.
(pdftex.def)             Requested size: 182.0279pt x 152.17924pt.

Underfull \hbox (badness 10000) in paragraph at lines 439--439

 []


Underfull \vbox (badness 10000) has occurred while \output is active []

<images/Experimentacion/Ejemplo1/ej1_b_1_10_lc.png, id=197, 285.31593pt x 239.3
9438pt>
File: images/Experimentacion/Ejemplo1/ej1_b_1_10_lc.png Graphic file (type png)

<use images/Experimentacion/Ejemplo1/ej1_b_1_10_lc.png>
Package pdftex.def Info: images/Experimentacion/Ejemplo1/ej1_b_1_10_lc.png  use
d on input line 444.
(pdftex.def)             Requested size: 185.45316pt x 155.60449pt.

Underfull \hbox (badness 10000) in paragraph at lines 445--445

 []

<images/Experimentacion/Ejemplo1/ej1_c_1_10_cc.png, id=198, 288.3272pt x 238.64
156pt>
File: images/Experimentacion/Ejemplo1/ej1_c_1_10_cc.png Graphic file (type png)

<use images/Experimentacion/Ejemplo1/ej1_c_1_10_cc.png>
Package pdftex.def Info: images/Experimentacion/Ejemplo1/ej1_c_1_10_cc.png  use
d on input line 451.
(pdftex.def)             Requested size: 187.41045pt x 155.11516pt.

Underfull \hbox (badness 10000) in paragraph at lines 452--452

 []

<images/Experimentacion/Ejemplo1/ej1_c_1_10_mc_correct.png, id=199, 288.3272pt 
x 237.88875pt>
File: images/Experimentacion/Ejemplo1/ej1_c_1_10_mc_correct.png Graphic file (t
ype png)
<use images/Experimentacion/Ejemplo1/ej1_c_1_10_mc_correct.png>
Package pdftex.def Info: images/Experimentacion/Ejemplo1/ej1_c_1_10_mc_correct.
png  used on input line 457.
(pdftex.def)             Requested size: 187.41045pt x 154.62584pt.

Underfull \hbox (badness 10000) in paragraph at lines 458--458

 []


Underfull \vbox (badness 10000) has occurred while \output is active []

 [8 <./images/Experimentacion/Ejemplo1/Ejemplo1Fallos.png> <./images/Experiment
acion/Ejemplo1/Ejemplo1Ejecuciones.png> <./images/Experimentacion/Ejemplo1/ej1_
b_1_10_cc.png> <./images/Experimentacion/Ejemplo1/ej1_b_1_10_mc.png> <./images/
Experimentacion/Ejemplo1/ej1_b_1_10_lc.png> <./images/Experimentacion/Ejemplo1/
ej1_c_1_10_cc.png>]
<images/Experimentacion/Ejemplo1/ej1_c_1_10_mc_wrong.png, id=216, 286.06876pt x
 240.9pt>
File: images/Experimentacion/Ejemplo1/ej1_c_1_10_mc_wrong.png Graphic file (typ
e png)
<use images/Experimentacion/Ejemplo1/ej1_c_1_10_mc_wrong.png>
Package pdftex.def Info: images/Experimentacion/Ejemplo1/ej1_c_1_10_mc_wrong.pn
g  used on input line 463.
(pdftex.def)             Requested size: 185.94247pt x 156.58313pt.

Underfull \hbox (badness 10000) in paragraph at lines 464--464

 []

<images/Experimentacion/Ejemplo1/ej1_c_1_10_lc.png, id=217, 282.30469pt x 238.6
4156pt>
File: images/Experimentacion/Ejemplo1/ej1_c_1_10_lc.png Graphic file (type png)

<use images/Experimentacion/Ejemplo1/ej1_c_1_10_lc.png>
Package pdftex.def Info: images/Experimentacion/Ejemplo1/ej1_c_1_10_lc.png  use
d on input line 469.
(pdftex.def)             Requested size: 183.49586pt x 155.11516pt.

Underfull \hbox (badness 10000) in paragraph at lines 470--470

 []

<images/Experimentacion/Ejemplo1/ej1_b_1_10_mr.png, id=218, 289.08pt x 237.8887
5pt>
File: images/Experimentacion/Ejemplo1/ej1_b_1_10_mr.png Graphic file (type png)

<use images/Experimentacion/Ejemplo1/ej1_b_1_10_mr.png>
Package pdftex.def Info: images/Experimentacion/Ejemplo1/ej1_b_1_10_mr.png  use
d on input line 476.
(pdftex.def)             Requested size: 187.89977pt x 154.62584pt.

Underfull \hbox (badness 10000) in paragraph at lines 477--477

 []


Underfull \vbox (badness 10000) has occurred while \output is active []

<images/Experimentacion/Ejemplo1/ej1_b_1_10_lr.png, id=219, 292.09125pt x 235.6
3031pt>
File: images/Experimentacion/Ejemplo1/ej1_b_1_10_lr.png Graphic file (type png)

<use images/Experimentacion/Ejemplo1/ej1_b_1_10_lr.png>
Package pdftex.def Info: images/Experimentacion/Ejemplo1/ej1_b_1_10_lr.png  use
d on input line 482.
(pdftex.def)             Requested size: 189.85704pt x 153.15788pt.

Underfull \hbox (badness 10000) in paragraph at lines 483--483

 []

<images/Experimentacion/Ejemplo1/ej1_c_1_10_mr.png, id=220, 292.09125pt x 238.6
4156pt>
File: images/Experimentacion/Ejemplo1/ej1_c_1_10_mr.png Graphic file (type png)

<use images/Experimentacion/Ejemplo1/ej1_c_1_10_mr.png>
Package pdftex.def Info: images/Experimentacion/Ejemplo1/ej1_c_1_10_mr.png  use
d on input line 489.
(pdftex.def)             Requested size: 189.85704pt x 155.11516pt.

Underfull \hbox (badness 10000) in paragraph at lines 490--490

 []

<images/Experimentacion/Ejemplo1/ej1_c_1_10_lr_correct.png, id=221, 286.82156pt
 x 234.1247pt>
File: images/Experimentacion/Ejemplo1/ej1_c_1_10_lr_correct.png Graphic file (t
ype png)
<use images/Experimentacion/Ejemplo1/ej1_c_1_10_lr_correct.png>
Package pdftex.def Info: images/Experimentacion/Ejemplo1/ej1_c_1_10_lr_correct.
png  used on input line 495.
(pdftex.def)             Requested size: 186.4318pt x 152.17924pt.

Underfull \hbox (badness 10000) in paragraph at lines 496--496

 []


Underfull \vbox (badness 10000) has occurred while \output is active []

 [9 <./images/Experimentacion/Ejemplo1/ej1_c_1_10_mc_correct.png> <./images/Exp
erimentacion/Ejemplo1/ej1_c_1_10_mc_wrong.png> <./images/Experimentacion/Ejempl
o1/ej1_c_1_10_lc.png> <./images/Experimentacion/Ejemplo1/ej1_b_1_10_mr.png> <./
images/Experimentacion/Ejemplo1/ej1_b_1_10_lr.png> <./images/Experimentacion/Ej
emplo1/ej1_c_1_10_mr.png>]
<images/Experimentacion/Ejemplo1/ej1_c_1_10_lr_wrong.png, id=238, 301.8778pt x 
242.40562pt>
File: images/Experimentacion/Ejemplo1/ej1_c_1_10_lr_wrong.png Graphic file (typ
e png)
<use images/Experimentacion/Ejemplo1/ej1_c_1_10_lr_wrong.png>
Package pdftex.def Info: images/Experimentacion/Ejemplo1/ej1_c_1_10_lr_wrong.pn
g  used on input line 501.
(pdftex.def)             Requested size: 196.21823pt x 157.56177pt.

Underfull \hbox (badness 10000) in paragraph at lines 502--502

 []

<images/Experimentacion/Ejemplo1/ej1_b_1_10_me.png, id=239, 298.86656pt x 240.9
pt>
File: images/Experimentacion/Ejemplo1/ej1_b_1_10_me.png Graphic file (type png)

<use images/Experimentacion/Ejemplo1/ej1_b_1_10_me.png>
Package pdftex.def Info: images/Experimentacion/Ejemplo1/ej1_b_1_10_me.png  use
d on input line 508.
(pdftex.def)             Requested size: 194.26094pt x 156.58313pt.

Underfull \hbox (badness 10000) in paragraph at lines 509--509

 []

<images/Experimentacion/Ejemplo1/ej1_b_1_10_le.png, id=240, 304.88907pt x 240.1
4719pt>
File: images/Experimentacion/Ejemplo1/ej1_b_1_10_le.png Graphic file (type png)

<use images/Experimentacion/Ejemplo1/ej1_b_1_10_le.png>
Package pdftex.def Info: images/Experimentacion/Ejemplo1/ej1_b_1_10_le.png  use
d on input line 514.
(pdftex.def)             Requested size: 198.17554pt x 156.0938pt.

Underfull \hbox (badness 10000) in paragraph at lines 515--515

 []


Underfull \vbox (badness 10000) has occurred while \output is active []

<images/Experimentacion/Ejemplo1/ej1_c_1_10_me_correct.png, id=241, 290.58563pt
 x 246.1697pt>
File: images/Experimentacion/Ejemplo1/ej1_c_1_10_me_correct.png Graphic file (t
ype png)
<use images/Experimentacion/Ejemplo1/ej1_c_1_10_me_correct.png>
Package pdftex.def Info: images/Experimentacion/Ejemplo1/ej1_c_1_10_me_correct.
png  used on input line 521.
(pdftex.def)             Requested size: 188.87842pt x 160.00839pt.

Underfull \hbox (badness 10000) in paragraph at lines 522--522

 []

<images/Experimentacion/Ejemplo1/ej1_c_1_10_me_wrong.png, id=242, 304.88907pt x
 239.39438pt>
File: images/Experimentacion/Ejemplo1/ej1_c_1_10_me_wrong.png Graphic file (typ
e png)
<use images/Experimentacion/Ejemplo1/ej1_c_1_10_me_wrong.png>
Package pdftex.def Info: images/Experimentacion/Ejemplo1/ej1_c_1_10_me_wrong.pn
g  used on input line 527.
(pdftex.def)             Requested size: 198.17554pt x 155.60449pt.

Underfull \hbox (badness 10000) in paragraph at lines 528--528

 []

<images/Experimentacion/Ejemplo1/ej1_c_1_10_le.png, id=243, 284.56313pt x 240.9
pt>
File: images/Experimentacion/Ejemplo1/ej1_c_1_10_le.png Graphic file (type png)

<use images/Experimentacion/Ejemplo1/ej1_c_1_10_le.png>
Package pdftex.def Info: images/Experimentacion/Ejemplo1/ej1_c_1_10_le.png  use
d on input line 533.
(pdftex.def)             Requested size: 184.96384pt x 156.58313pt.

Underfull \hbox (badness 10000) in paragraph at lines 534--534

 []


Underfull \vbox (badness 7595) has occurred while \output is active []

 [10 <./images/Experimentacion/Ejemplo1/ej1_c_1_10_lr_correct.png> <./images/Ex
perimentacion/Ejemplo1/ej1_c_1_10_lr_wrong.png> <./images/Experimentacion/Ejemp
lo1/ej1_b_1_10_me.png> <./images/Experimentacion/Ejemplo1/ej1_b_1_10_le.png> <.
/images/Experimentacion/Ejemplo1/ej1_c_1_10_me_correct.png> <./images/Experimen
tacion/Ejemplo1/ej1_c_1_10_me_wrong.png>]
<images/Experimentacion/Ejemplo1/ej1_b_1_10_re.png, id=260, 294.34969pt x 240.1
4719pt>
File: images/Experimentacion/Ejemplo1/ej1_b_1_10_re.png Graphic file (type png)

<use images/Experimentacion/Ejemplo1/ej1_b_1_10_re.png>
Package pdftex.def Info: images/Experimentacion/Ejemplo1/ej1_b_1_10_re.png  use
d on input line 540.
(pdftex.def)             Requested size: 191.32501pt x 156.0938pt.

Underfull \hbox (badness 10000) in paragraph at lines 541--541

 []

<images/Experimentacion/Ejemplo1/ej1_c_1_10_re_wrong.png, id=261, 292.09125pt x
 241.65282pt>
File: images/Experimentacion/Ejemplo1/ej1_c_1_10_re_wrong.png Graphic file (typ
e png)
<use images/Experimentacion/Ejemplo1/ej1_c_1_10_re_wrong.png>
Package pdftex.def Info: images/Experimentacion/Ejemplo1/ej1_c_1_10_re_wrong.pn
g  used on input line 546.
(pdftex.def)             Requested size: 189.85704pt x 157.07246pt.

Underfull \hbox (badness 10000) in paragraph at lines 547--547

 []

[11

 <./images/Experimentacion/Ejemplo1/ej1_c_1_10_le.png> <./images/Experimentacio
n/Ejemplo1/ej1_b_1_10_re.png> <./images/Experimentacion/Ejemplo1/ej1_c_1_10_re_
wrong.png>]
<images/Experimentacion/Ejemplo2/Ejemplo2.png, id=272, 280.79906pt x 189.70876p
t>
File: images/Experimentacion/Ejemplo2/Ejemplo2.png Graphic file (type png)
<use images/Experimentacion/Ejemplo2/Ejemplo2.png>
Package pdftex.def Info: images/Experimentacion/Ejemplo2/Ejemplo2.png  used on 
input line 556.
(pdftex.def)             Requested size: 224.63954pt x 151.7672pt.
<images/Experimentacion/Ejemplo2/Ejemplo2Completo.png, id=273, 365.86688pt x 22
6.59656pt>
File: images/Experimentacion/Ejemplo2/Ejemplo2Completo.png Graphic file (type p
ng)
<use images/Experimentacion/Ejemplo2/Ejemplo2Completo.png>
Package pdftex.def Info: images/Experimentacion/Ejemplo2/Ejemplo2Completo.png  
used on input line 563.
(pdftex.def)             Requested size: 219.52182pt x 135.95897pt.
<images/Experimentacion/Ejemplo2/Ejemplo2Fallos.png, id=274, 283.81032pt x 224.
33812pt>
File: images/Experimentacion/Ejemplo2/Ejemplo2Fallos.png Graphic file (type png
)
<use images/Experimentacion/Ejemplo2/Ejemplo2Fallos.png>
Package pdftex.def Info: images/Experimentacion/Ejemplo2/Ejemplo2Fallos.png  us
ed on input line 569.
(pdftex.def)             Requested size: 198.66586pt x 157.03561pt.
<images/Experimentacion/Ejemplo2/Ejemplo2Ejecuciones.png, id=275, 450.9347pt x 
303.38344pt>
File: images/Experimentacion/Ejemplo2/Ejemplo2Ejecuciones.png Graphic file (typ
e png)
<use images/Experimentacion/Ejemplo2/Ejemplo2Ejecuciones.png>
Package pdftex.def Info: images/Experimentacion/Ejemplo2/Ejemplo2Ejecuciones.pn
g  used on input line 575.
(pdftex.def)             Requested size: 225.4668pt x 151.69135pt.

Underfull \vbox (badness 10000) has occurred while \output is active []

<images/Experimentacion/Ejemplo2/ej2_b_1_10_cc_wrong.png, id=276, 285.31593pt x
 235.63031pt>
File: images/Experimentacion/Ejemplo2/ej2_b_1_10_cc_wrong.png Graphic file (typ
e png)
<use images/Experimentacion/Ejemplo2/ej2_b_1_10_cc_wrong.png>
Package pdftex.def Info: images/Experimentacion/Ejemplo2/ej2_b_1_10_cc_wrong.pn
g  used on input line 583.
(pdftex.def)             Requested size: 185.45316pt x 153.15788pt.

Underfull \hbox (badness 10000) in paragraph at lines 584--584

 []

<images/Experimentacion/Ejemplo2/ej2_b_1_10_mc_wrong.png, id=277, 288.3272pt x 
237.88875pt>
File: images/Experimentacion/Ejemplo2/ej2_b_1_10_mc_wrong.png Graphic file (typ
e png)
<use images/Experimentacion/Ejemplo2/ej2_b_1_10_mc_wrong.png>
Package pdftex.def Info: images/Experimentacion/Ejemplo2/ej2_b_1_10_mc_wrong.pn
g  used on input line 589.
(pdftex.def)             Requested size: 187.41045pt x 154.62584pt.

Underfull \hbox (badness 10000) in paragraph at lines 590--590

 []

<images/Experimentacion/Ejemplo2/ej2_b_1_10_lc_correct.png, id=278, 283.0575pt 
x 240.14719pt>
File: images/Experimentacion/Ejemplo2/ej2_b_1_10_lc_correct.png Graphic file (t
ype png)
<use images/Experimentacion/Ejemplo2/ej2_b_1_10_lc_correct.png>
Package pdftex.def Info: images/Experimentacion/Ejemplo2/ej2_b_1_10_lc_correct.
png  used on input line 595.
(pdftex.def)             Requested size: 183.98518pt x 156.0938pt.

Underfull \hbox (badness 10000) in paragraph at lines 596--596

 []


Underfull \vbox (badness 10000) has occurred while \output is active []

 [12

 <./images/Experimentacion/Ejemplo2/Ejemplo2.png> <./images/Experimentacion/Eje
mplo2/Ejemplo2Completo.png> <./images/Experimentacion/Ejemplo2/Ejemplo2Fallos.p
ng> <./images/Experimentacion/Ejemplo2/Ejemplo2Ejecuciones.png> <./images/Exper
imentacion/Ejemplo2/ej2_b_1_10_cc_wrong.png> <./images/Experimentacion/Ejemplo2
/ej2_b_1_10_mc_wrong.png>]
<images/Experimentacion/Ejemplo2/ej2_b_1_10_lc_wrong.png, id=295, 285.31593pt x
 239.39438pt>
File: images/Experimentacion/Ejemplo2/ej2_b_1_10_lc_wrong.png Graphic file (typ
e png)
<use images/Experimentacion/Ejemplo2/ej2_b_1_10_lc_wrong.png>
Package pdftex.def Info: images/Experimentacion/Ejemplo2/ej2_b_1_10_lc_wrong.pn
g  used on input line 601.
(pdftex.def)             Requested size: 185.45316pt x 155.60449pt.

Underfull \hbox (badness 10000) in paragraph at lines 602--602

 []

<images/Experimentacion/Ejemplo2/ej2_c_1_10_cc_correct.png, id=296, 285.31593pt
 x 240.14719pt>
File: images/Experimentacion/Ejemplo2/ej2_c_1_10_cc_correct.png Graphic file (t
ype png)
<use images/Experimentacion/Ejemplo2/ej2_c_1_10_cc_correct.png>
Package pdftex.def Info: images/Experimentacion/Ejemplo2/ej2_c_1_10_cc_correct.
png  used on input line 608.
(pdftex.def)             Requested size: 185.45316pt x 156.0938pt.

Underfull \hbox (badness 10000) in paragraph at lines 609--609

 []

<images/Experimentacion/Ejemplo2/ej2_c_1_10_cc_wrong.png, id=297, 289.83281pt x
 242.40562pt>
File: images/Experimentacion/Ejemplo2/ej2_c_1_10_cc_wrong.png Graphic file (typ
e png)
<use images/Experimentacion/Ejemplo2/ej2_c_1_10_cc_wrong.png>
Package pdftex.def Info: images/Experimentacion/Ejemplo2/ej2_c_1_10_cc_wrong.pn
g  used on input line 614.
(pdftex.def)             Requested size: 188.38908pt x 157.56177pt.

Underfull \hbox (badness 10000) in paragraph at lines 615--615

 []


Underfull \vbox (badness 10000) has occurred while \output is active []

<images/Experimentacion/Ejemplo2/ej2_c_1_10_mc_correct.png, id=298, 280.79906pt
 x 239.39438pt>
File: images/Experimentacion/Ejemplo2/ej2_c_1_10_mc_correct.png Graphic file (t
ype png)
<use images/Experimentacion/Ejemplo2/ej2_c_1_10_mc_correct.png>
Package pdftex.def Info: images/Experimentacion/Ejemplo2/ej2_c_1_10_mc_correct.
png  used on input line 620.
(pdftex.def)             Requested size: 182.51721pt x 155.60449pt.

Underfull \hbox (badness 10000) in paragraph at lines 621--621

 []

<images/Experimentacion/Ejemplo2/ej2_c_1_10_mc_wrong.png, id=299, 293.59688pt x
 240.14719pt>
File: images/Experimentacion/Ejemplo2/ej2_c_1_10_mc_wrong.png Graphic file (typ
e png)
<use images/Experimentacion/Ejemplo2/ej2_c_1_10_mc_wrong.png>
Package pdftex.def Info: images/Experimentacion/Ejemplo2/ej2_c_1_10_mc_wrong.pn
g  used on input line 626.
(pdftex.def)             Requested size: 190.8357pt x 156.0938pt.

Underfull \hbox (badness 10000) in paragraph at lines 627--627

 []

<images/Experimentacion/Ejemplo2/ej2_c_1_10_lc_wrong.png, id=300, 289.08pt x 23
8.64156pt>
File: images/Experimentacion/Ejemplo2/ej2_c_1_10_lc_wrong.png Graphic file (typ
e png)
<use images/Experimentacion/Ejemplo2/ej2_c_1_10_lc_wrong.png>
Package pdftex.def Info: images/Experimentacion/Ejemplo2/ej2_c_1_10_lc_wrong.pn
g  used on input line 632.
(pdftex.def)             Requested size: 187.89977pt x 155.11516pt.

Underfull \hbox (badness 10000) in paragraph at lines 633--633

 []


Underfull \vbox (badness 10000) has occurred while \output is active []

 [13 <./images/Experimentacion/Ejemplo2/ej2_b_1_10_lc_correct.png> <./images/Ex
perimentacion/Ejemplo2/ej2_b_1_10_lc_wrong.png> <./images/Experimentacion/Ejemp
lo2/ej2_c_1_10_cc_correct.png> <./images/Experimentacion/Ejemplo2/ej2_c_1_10_cc
_wrong.png> <./images/Experimentacion/Ejemplo2/ej2_c_1_10_mc_correct.png> <./im
ages/Experimentacion/Ejemplo2/ej2_c_1_10_mc_wrong.png>]
<images/Experimentacion/Ejemplo2/ej2_b_1_10_mr_wrong.png, id=318, 283.81032pt x
 237.13594pt>
File: images/Experimentacion/Ejemplo2/ej2_b_1_10_mr_wrong.png Graphic file (typ
e png)
<use images/Experimentacion/Ejemplo2/ej2_b_1_10_mr_wrong.png>
Package pdftex.def Info: images/Experimentacion/Ejemplo2/ej2_b_1_10_mr_wrong.pn
g  used on input line 639.
(pdftex.def)             Requested size: 184.47452pt x 154.13652pt.

Underfull \hbox (badness 10000) in paragraph at lines 640--640

 []

<images/Experimentacion/Ejemplo2/ej2_b_1_10_lr_wrong.png, id=319, 280.79906pt x
 237.88875pt>
File: images/Experimentacion/Ejemplo2/ej2_b_1_10_lr_wrong.png Graphic file (typ
e png)
<use images/Experimentacion/Ejemplo2/ej2_b_1_10_lr_wrong.png>
Package pdftex.def Info: images/Experimentacion/Ejemplo2/ej2_b_1_10_lr_wrong.pn
g  used on input line 645.
(pdftex.def)             Requested size: 182.51721pt x 154.62584pt.

Underfull \hbox (badness 10000) in paragraph at lines 646--646

 []

<images/Experimentacion/Ejemplo2/ej2_c_1_10_mr_wrong.png, id=320, 282.30469pt x
 240.9pt>
File: images/Experimentacion/Ejemplo2/ej2_c_1_10_mr_wrong.png Graphic file (typ
e png)
<use images/Experimentacion/Ejemplo2/ej2_c_1_10_mr_wrong.png>
Package pdftex.def Info: images/Experimentacion/Ejemplo2/ej2_c_1_10_mr_wrong.pn
g  used on input line 652.
(pdftex.def)             Requested size: 183.49586pt x 156.58313pt.

Underfull \hbox (badness 10000) in paragraph at lines 653--653

 []


Underfull \vbox (badness 10000) has occurred while \output is active []

<images/Experimentacion/Ejemplo2/ej2_c_1_10_lr_wrong.png, id=321, 284.56313pt x
 238.64156pt>
File: images/Experimentacion/Ejemplo2/ej2_c_1_10_lr_wrong.png Graphic file (typ
e png)
<use images/Experimentacion/Ejemplo2/ej2_c_1_10_lr_wrong.png>
Package pdftex.def Info: images/Experimentacion/Ejemplo2/ej2_c_1_10_lr_wrong.pn
g  used on input line 658.
(pdftex.def)             Requested size: 184.96384pt x 155.11516pt.

Underfull \hbox (badness 10000) in paragraph at lines 659--659

 []

<images/Experimentacion/Ejemplo2/ej2_b_1_10_me_wrong.png, id=322, 283.0575pt x 
236.38312pt>
File: images/Experimentacion/Ejemplo2/ej2_b_1_10_me_wrong.png Graphic file (typ
e png)
<use images/Experimentacion/Ejemplo2/ej2_b_1_10_me_wrong.png>
Package pdftex.def Info: images/Experimentacion/Ejemplo2/ej2_b_1_10_me_wrong.pn
g  used on input line 665.
(pdftex.def)             Requested size: 183.98518pt x 153.6472pt.

Underfull \hbox (badness 10000) in paragraph at lines 666--666

 []

<images/Experimentacion/Ejemplo2/ej2_b_1_10_le_wrong.png, id=323, 280.79906pt x
 239.39438pt>
File: images/Experimentacion/Ejemplo2/ej2_b_1_10_le_wrong.png Graphic file (typ
e png)
<use images/Experimentacion/Ejemplo2/ej2_b_1_10_le_wrong.png>
Package pdftex.def Info: images/Experimentacion/Ejemplo2/ej2_b_1_10_le_wrong.pn
g  used on input line 671.
(pdftex.def)             Requested size: 182.51721pt x 155.60449pt.

Underfull \hbox (badness 10000) in paragraph at lines 672--672

 []


Underfull \vbox (badness 10000) has occurred while \output is active []

 [14 <./images/Experimentacion/Ejemplo2/ej2_c_1_10_lc_wrong.png> <./images/Expe
rimentacion/Ejemplo2/ej2_b_1_10_mr_wrong.png> <./images/Experimentacion/Ejemplo
2/ej2_b_1_10_lr_wrong.png> <./images/Experimentacion/Ejemplo2/ej2_c_1_10_mr_wro
ng.png> <./images/Experimentacion/Ejemplo2/ej2_c_1_10_lr_wrong.png> <./images/E
xperimentacion/Ejemplo2/ej2_b_1_10_me_wrong.png>]
<images/Experimentacion/Ejemplo2/ej2_c_1_10_me_wrong.png, id=340, 285.31593pt x
 238.64156pt>
File: images/Experimentacion/Ejemplo2/ej2_c_1_10_me_wrong.png Graphic file (typ
e png)
<use images/Experimentacion/Ejemplo2/ej2_c_1_10_me_wrong.png>
Package pdftex.def Info: images/Experimentacion/Ejemplo2/ej2_c_1_10_me_wrong.pn
g  used on input line 678.
(pdftex.def)             Requested size: 185.45316pt x 155.11516pt.

Underfull \hbox (badness 10000) in paragraph at lines 679--679

 []

<images/Experimentacion/Ejemplo2/ej2_c_1_10_le_wrong.png, id=341, 286.06876pt x
 239.39438pt>
File: images/Experimentacion/Ejemplo2/ej2_c_1_10_le_wrong.png Graphic file (typ
e png)
<use images/Experimentacion/Ejemplo2/ej2_c_1_10_le_wrong.png>
Package pdftex.def Info: images/Experimentacion/Ejemplo2/ej2_c_1_10_le_wrong.pn
g  used on input line 684.
(pdftex.def)             Requested size: 185.94247pt x 155.60449pt.

Underfull \hbox (badness 10000) in paragraph at lines 685--685

 []

<images/Experimentacion/Ejemplo2/ej2_b_1_10_re_wrong.png, id=342, 283.0575pt x 
237.13594pt>
File: images/Experimentacion/Ejemplo2/ej2_b_1_10_re_wrong.png Graphic file (typ
e png)
<use images/Experimentacion/Ejemplo2/ej2_b_1_10_re_wrong.png>
Package pdftex.def Info: images/Experimentacion/Ejemplo2/ej2_b_1_10_re_wrong.pn
g  used on input line 691.
(pdftex.def)             Requested size: 183.98518pt x 154.13652pt.

Underfull \hbox (badness 10000) in paragraph at lines 692--692

 []


Underfull \vbox (badness 10000) has occurred while \output is active []

<images/Experimentacion/Ejemplo2/ej2_c_1_10_re_wrong.png, id=343, 284.56313pt x
 240.14719pt>
File: images/Experimentacion/Ejemplo2/ej2_c_1_10_re_wrong.png Graphic file (typ
e png)
<use images/Experimentacion/Ejemplo2/ej2_c_1_10_re_wrong.png>
Package pdftex.def Info: images/Experimentacion/Ejemplo2/ej2_c_1_10_re_wrong.pn
g  used on input line 697.
(pdftex.def)             Requested size: 184.96384pt x 156.0938pt.

Underfull \hbox (badness 10000) in paragraph at lines 698--698

 []

[15 <./images/Experimentacion/Ejemplo2/ej2_b_1_10_le_wrong.png> <./images/Exper
imentacion/Ejemplo2/ej2_c_1_10_me_wrong.png> <./images/Experimentacion/Ejemplo2
/ej2_c_1_10_le_wrong.png> <./images/Experimentacion/Ejemplo2/ej2_b_1_10_re_wron
g.png> <./images/Experimentacion/Ejemplo2/ej2_c_1_10_re_wrong.png>]
<images/Experimentacion/Ejemplo3/Ejemplo3.png, id=358, 286.06876pt x 191.21437p
t>
File: images/Experimentacion/Ejemplo3/Ejemplo3.png Graphic file (type png)
<use images/Experimentacion/Ejemplo3/Ejemplo3.png>
Package pdftex.def Info: images/Experimentacion/Ejemplo3/Ejemplo3.png  used on 
input line 707.
(pdftex.def)             Requested size: 228.85532pt x 152.9717pt.
<images/Experimentacion/Ejemplo3/Ejemplo3Completo.png, id=359, 365.86688pt x 22
8.10219pt>
File: images/Experimentacion/Ejemplo3/Ejemplo3Completo.png Graphic file (type p
ng)
<use images/Experimentacion/Ejemplo3/Ejemplo3Completo.png>
Package pdftex.def Info: images/Experimentacion/Ejemplo3/Ejemplo3Completo.png  
used on input line 714.
(pdftex.def)             Requested size: 219.52182pt x 136.86235pt.
<images/Experimentacion/Ejemplo3/Ejemplo3Fallos.png, id=360, 284.56313pt x 223.
58531pt>
File: images/Experimentacion/Ejemplo3/Ejemplo3Fallos.png Graphic file (type png
)
<use images/Experimentacion/Ejemplo3/Ejemplo3Fallos.png>
Package pdftex.def Info: images/Experimentacion/Ejemplo3/Ejemplo3Fallos.png  us
ed on input line 720.
(pdftex.def)             Requested size: 199.19283pt x 156.50864pt.
<images/Experimentacion/Ejemplo3/Ejemplo3Ejecuciones.png, id=361, 451.6875pt x 
304.88907pt>
File: images/Experimentacion/Ejemplo3/Ejemplo3Ejecuciones.png Graphic file (typ
e png)
<use images/Experimentacion/Ejemplo3/Ejemplo3Ejecuciones.png>
Package pdftex.def Info: images/Experimentacion/Ejemplo3/Ejemplo3Ejecuciones.pn
g  used on input line 726.
(pdftex.def)             Requested size: 225.84319pt x 152.44415pt.

Underfull \vbox (badness 10000) has occurred while \output is active []

<images/Experimentacion/Ejemplo3/ej3_b_1_10_cc_correct.png, id=362, 291.33844pt
 x 235.63031pt>
File: images/Experimentacion/Ejemplo3/ej3_b_1_10_cc_correct.png Graphic file (t
ype png)
<use images/Experimentacion/Ejemplo3/ej3_b_1_10_cc_correct.png>
Package pdftex.def Info: images/Experimentacion/Ejemplo3/ej3_b_1_10_cc_correct.
png  used on input line 734.
(pdftex.def)             Requested size: 189.36774pt x 153.15788pt.

Underfull \hbox (badness 10000) in paragraph at lines 735--735

 []

<images/Experimentacion/Ejemplo3/ej3_b_1_10_cc_wrong.png, id=363, 290.58563pt x
 237.13594pt>
File: images/Experimentacion/Ejemplo3/ej3_b_1_10_cc_wrong.png Graphic file (typ
e png)
<use images/Experimentacion/Ejemplo3/ej3_b_1_10_cc_wrong.png>
Package pdftex.def Info: images/Experimentacion/Ejemplo3/ej3_b_1_10_cc_wrong.pn
g  used on input line 740.
(pdftex.def)             Requested size: 188.87842pt x 154.13652pt.

Underfull \hbox (badness 10000) in paragraph at lines 741--741

 []

<images/Experimentacion/Ejemplo3/ej3_b_1_10_mc_correct.png, id=364, 292.84406pt
 x 240.14719pt>
File: images/Experimentacion/Ejemplo3/ej3_b_1_10_mc_correct.png Graphic file (t
ype png)
<use images/Experimentacion/Ejemplo3/ej3_b_1_10_mc_correct.png>
Package pdftex.def Info: images/Experimentacion/Ejemplo3/ej3_b_1_10_mc_correct.
png  used on input line 746.
(pdftex.def)             Requested size: 190.34637pt x 156.0938pt.

Underfull \hbox (badness 10000) in paragraph at lines 747--747

 []


Underfull \vbox (badness 10000) has occurred while \output is active []

 [16 <./images/Experimentacion/Ejemplo3/Ejemplo3.png> <./images/Experimentacion
/Ejemplo3/Ejemplo3Completo.png> <./images/Experimentacion/Ejemplo3/Ejemplo3Fall
os.png> <./images/Experimentacion/Ejemplo3/Ejemplo3Ejecuciones.png> <./images/E
xperimentacion/Ejemplo3/ej3_b_1_10_cc_correct.png> <./images/Experimentacion/Ej
emplo3/ej3_b_1_10_cc_wrong.png>]
<images/Experimentacion/Ejemplo3/ej3_b_1_10_mc_correct2.png, id=381, 286.06876p
t x 236.38312pt>
File: images/Experimentacion/Ejemplo3/ej3_b_1_10_mc_correct2.png Graphic file (
type png)
<use images/Experimentacion/Ejemplo3/ej3_b_1_10_mc_correct2.png>
Package pdftex.def Info: images/Experimentacion/Ejemplo3/ej3_b_1_10_mc_correct2
.png  used on input line 752.
(pdftex.def)             Requested size: 185.94247pt x 153.6472pt.

Underfull \hbox (badness 10000) in paragraph at lines 753--753

 []

<images/Experimentacion/Ejemplo3/ej3_b_1_10_mc_wrong.png, id=382, 291.33844pt x
 237.13594pt>
File: images/Experimentacion/Ejemplo3/ej3_b_1_10_mc_wrong.png Graphic file (typ
e png)
<use images/Experimentacion/Ejemplo3/ej3_b_1_10_mc_wrong.png>
Package pdftex.def Info: images/Experimentacion/Ejemplo3/ej3_b_1_10_mc_wrong.pn
g  used on input line 758.
(pdftex.def)             Requested size: 189.36774pt x 154.13652pt.

Underfull \hbox (badness 10000) in paragraph at lines 759--759

 []

<images/Experimentacion/Ejemplo3/ej3_b_1_10_lc_correct.png, id=383, 286.06876pt
 x 237.88875pt>
File: images/Experimentacion/Ejemplo3/ej3_b_1_10_lc_correct.png Graphic file (t
ype png)
<use images/Experimentacion/Ejemplo3/ej3_b_1_10_lc_correct.png>
Package pdftex.def Info: images/Experimentacion/Ejemplo3/ej3_b_1_10_lc_correct.
png  used on input line 764.
(pdftex.def)             Requested size: 185.94247pt x 154.62584pt.

Underfull \hbox (badness 10000) in paragraph at lines 765--765

 []


Underfull \vbox (badness 10000) has occurred while \output is active []

<images/Experimentacion/Ejemplo3/ej3_b_1_10_lc_wrong.png, id=384, 286.06876pt x
 234.8775pt>
File: images/Experimentacion/Ejemplo3/ej3_b_1_10_lc_wrong.png Graphic file (typ
e png)
<use images/Experimentacion/Ejemplo3/ej3_b_1_10_lc_wrong.png>
Package pdftex.def Info: images/Experimentacion/Ejemplo3/ej3_b_1_10_lc_wrong.pn
g  used on input line 770.
(pdftex.def)             Requested size: 185.94247pt x 152.66856pt.

Underfull \hbox (badness 10000) in paragraph at lines 771--771

 []

<images/Experimentacion/Ejemplo3/ej3_c_1_10_cc_correct.png, id=385, 284.56313pt
 x 237.88875pt>
File: images/Experimentacion/Ejemplo3/ej3_c_1_10_cc_correct.png Graphic file (t
ype png)
<use images/Experimentacion/Ejemplo3/ej3_c_1_10_cc_correct.png>
Package pdftex.def Info: images/Experimentacion/Ejemplo3/ej3_c_1_10_cc_correct.
png  used on input line 777.
(pdftex.def)             Requested size: 184.96384pt x 154.62584pt.

Underfull \hbox (badness 10000) in paragraph at lines 778--778

 []

<images/Experimentacion/Ejemplo3/ej3_c_1_10_cc_wrong.png, id=386, 289.08pt x 23
5.63031pt>
File: images/Experimentacion/Ejemplo3/ej3_c_1_10_cc_wrong.png Graphic file (typ
e png)
<use images/Experimentacion/Ejemplo3/ej3_c_1_10_cc_wrong.png>
Package pdftex.def Info: images/Experimentacion/Ejemplo3/ej3_c_1_10_cc_wrong.pn
g  used on input line 783.
(pdftex.def)             Requested size: 187.89977pt x 153.15788pt.

Underfull \hbox (badness 10000) in paragraph at lines 784--784

 []


Underfull \vbox (badness 10000) has occurred while \output is active []

 [17 <./images/Experimentacion/Ejemplo3/ej3_b_1_10_mc_correct.png> <./images/Ex
perimentacion/Ejemplo3/ej3_b_1_10_mc_correct2.png> <./images/Experimentacion/Ej
emplo3/ej3_b_1_10_mc_wrong.png> <./images/Experimentacion/Ejemplo3/ej3_b_1_10_l
c_correct.png> <./images/Experimentacion/Ejemplo3/ej3_b_1_10_lc_wrong.png> <./i
mages/Experimentacion/Ejemplo3/ej3_c_1_10_cc_correct.png>]
<images/Experimentacion/Ejemplo3/ej3_c_1_10_mc_correct.png, id=403, 294.34969pt
 x 243.91125pt>
File: images/Experimentacion/Ejemplo3/ej3_c_1_10_mc_correct.png Graphic file (t
ype png)
<use images/Experimentacion/Ejemplo3/ej3_c_1_10_mc_correct.png>
Package pdftex.def Info: images/Experimentacion/Ejemplo3/ej3_c_1_10_mc_correct.
png  used on input line 789.
(pdftex.def)             Requested size: 191.32501pt x 158.54042pt.

Underfull \hbox (badness 10000) in paragraph at lines 790--790

 []

<images/Experimentacion/Ejemplo3/ej3_c_1_10_mc_correct2.png, id=404, 289.08pt x
 240.14719pt>
File: images/Experimentacion/Ejemplo3/ej3_c_1_10_mc_correct2.png Graphic file (
type png)
<use images/Experimentacion/Ejemplo3/ej3_c_1_10_mc_correct2.png>
Package pdftex.def Info: images/Experimentacion/Ejemplo3/ej3_c_1_10_mc_correct2
.png  used on input line 795.
(pdftex.def)             Requested size: 187.89977pt x 156.0938pt.

Underfull \hbox (badness 10000) in paragraph at lines 796--796

 []

<images/Experimentacion/Ejemplo3/ej3_c_1_10_lc.png, id=405, 286.06876pt x 241.6
5282pt>
File: images/Experimentacion/Ejemplo3/ej3_c_1_10_lc.png Graphic file (type png)

<use images/Experimentacion/Ejemplo3/ej3_c_1_10_lc.png>
Package pdftex.def Info: images/Experimentacion/Ejemplo3/ej3_c_1_10_lc.png  use
d on input line 801.
(pdftex.def)             Requested size: 185.94247pt x 157.07246pt.

Underfull \hbox (badness 10000) in paragraph at lines 802--802

 []


Underfull \vbox (badness 10000) has occurred while \output is active []

<images/Experimentacion/Ejemplo3/ej3_b_1_10_mr.png, id=406, 298.86656pt x 243.9
1125pt>
File: images/Experimentacion/Ejemplo3/ej3_b_1_10_mr.png Graphic file (type png)

<use images/Experimentacion/Ejemplo3/ej3_b_1_10_mr.png>
Package pdftex.def Info: images/Experimentacion/Ejemplo3/ej3_b_1_10_mr.png  use
d on input line 808.
(pdftex.def)             Requested size: 194.26094pt x 158.54042pt.

Underfull \hbox (badness 10000) in paragraph at lines 809--809

 []

<images/Experimentacion/Ejemplo3/ej3_b_1_10_lr_correct.png, id=407, 286.82156pt
 x 241.65282pt>
File: images/Experimentacion/Ejemplo3/ej3_b_1_10_lr_correct.png Graphic file (t
ype png)
<use images/Experimentacion/Ejemplo3/ej3_b_1_10_lr_correct.png>
Package pdftex.def Info: images/Experimentacion/Ejemplo3/ej3_b_1_10_lr_correct.
png  used on input line 814.
(pdftex.def)             Requested size: 186.4318pt x 157.07246pt.

Underfull \hbox (badness 10000) in paragraph at lines 815--815

 []

<images/Experimentacion/Ejemplo3/ej3_b_1_10_lr_wrong.png, id=408, 290.58563pt x
 236.38312pt>
File: images/Experimentacion/Ejemplo3/ej3_b_1_10_lr_wrong.png Graphic file (typ
e png)
<use images/Experimentacion/Ejemplo3/ej3_b_1_10_lr_wrong.png>
Package pdftex.def Info: images/Experimentacion/Ejemplo3/ej3_b_1_10_lr_wrong.pn
g  used on input line 820.
(pdftex.def)             Requested size: 188.87842pt x 153.6472pt.

Underfull \hbox (badness 10000) in paragraph at lines 821--821

 []


Underfull \vbox (badness 7064) has occurred while \output is active []

 [18 <./images/Experimentacion/Ejemplo3/ej3_c_1_10_cc_wrong.png> <./images/Expe
rimentacion/Ejemplo3/ej3_c_1_10_mc_correct.png> <./images/Experimentacion/Ejemp
lo3/ej3_c_1_10_mc_correct2.png> <./images/Experimentacion/Ejemplo3/ej3_c_1_10_l
c.png> <./images/Experimentacion/Ejemplo3/ej3_b_1_10_mr.png> <./images/Experime
ntacion/Ejemplo3/ej3_b_1_10_lr_correct.png>]
<images/Experimentacion/Ejemplo3/ej3_c_1_10_mr.png, id=425, 298.86656pt x 239.3
9438pt>
File: images/Experimentacion/Ejemplo3/ej3_c_1_10_mr.png Graphic file (type png)

<use images/Experimentacion/Ejemplo3/ej3_c_1_10_mr.png>
Package pdftex.def Info: images/Experimentacion/Ejemplo3/ej3_c_1_10_mr.png  use
d on input line 827.
(pdftex.def)             Requested size: 194.26094pt x 155.60449pt.

Underfull \hbox (badness 10000) in paragraph at lines 828--828

 []

<images/Experimentacion/Ejemplo3/ej3_c_1_10_lr.png, id=426, 286.82156pt x 234.8
775pt>
File: images/Experimentacion/Ejemplo3/ej3_c_1_10_lr.png Graphic file (type png)

<use images/Experimentacion/Ejemplo3/ej3_c_1_10_lr.png>
Package pdftex.def Info: images/Experimentacion/Ejemplo3/ej3_c_1_10_lr.png  use
d on input line 833.
(pdftex.def)             Requested size: 186.4318pt x 152.66856pt.

Underfull \hbox (badness 10000) in paragraph at lines 834--834

 []

<images/Experimentacion/Ejemplo3/ej3_b_1_10_me.png, id=427, 286.06876pt x 238.6
4156pt>
File: images/Experimentacion/Ejemplo3/ej3_b_1_10_me.png Graphic file (type png)

<use images/Experimentacion/Ejemplo3/ej3_b_1_10_me.png>
Package pdftex.def Info: images/Experimentacion/Ejemplo3/ej3_b_1_10_me.png  use
d on input line 840.
(pdftex.def)             Requested size: 185.94247pt x 155.11516pt.

Underfull \hbox (badness 10000) in paragraph at lines 841--841

 []


Underfull \vbox (badness 10000) has occurred while \output is active []

<images/Experimentacion/Ejemplo3/ej3_b_1_10_le_correct.png, id=428, 289.08pt x 
240.14719pt>
File: images/Experimentacion/Ejemplo3/ej3_b_1_10_le_correct.png Graphic file (t
ype png)
<use images/Experimentacion/Ejemplo3/ej3_b_1_10_le_correct.png>
Package pdftex.def Info: images/Experimentacion/Ejemplo3/ej3_b_1_10_le_correct.
png  used on input line 846.
(pdftex.def)             Requested size: 187.89977pt x 156.0938pt.

Underfull \hbox (badness 10000) in paragraph at lines 847--847

 []

File: images/Experimentacion/Ejemplo2/ej2_b_1_10_le_wrong.png Graphic file (typ
e png)
<use images/Experimentacion/Ejemplo2/ej2_b_1_10_le_wrong.png>
Package pdftex.def Info: images/Experimentacion/Ejemplo2/ej2_b_1_10_le_wrong.pn
g  used on input line 852.
(pdftex.def)             Requested size: 182.51721pt x 155.60449pt.

Underfull \hbox (badness 10000) in paragraph at lines 853--853

 []

<images/Experimentacion/Ejemplo3/ej3_c_1_10_me_correct.png, id=429, 288.3272pt 
x 235.63031pt>
File: images/Experimentacion/Ejemplo3/ej3_c_1_10_me_correct.png Graphic file (t
ype png)
<use images/Experimentacion/Ejemplo3/ej3_c_1_10_me_correct.png>
Package pdftex.def Info: images/Experimentacion/Ejemplo3/ej3_c_1_10_me_correct.
png  used on input line 859.
(pdftex.def)             Requested size: 187.41045pt x 153.15788pt.

Underfull \hbox (badness 10000) in paragraph at lines 860--860

 []


Underfull \vbox (badness 10000) has occurred while \output is active []

 [19 <./images/Experimentacion/Ejemplo3/ej3_b_1_10_lr_wrong.png> <./images/Expe
rimentacion/Ejemplo3/ej3_c_1_10_mr.png> <./images/Experimentacion/Ejemplo3/ej3_
c_1_10_lr.png> <./images/Experimentacion/Ejemplo3/ej3_b_1_10_me.png> <./images/
Experimentacion/Ejemplo3/ej3_b_1_10_le_correct.png>]
<images/Experimentacion/Ejemplo3/ej3_c_1_10_me_wrong.png, id=446, 286.82156pt x
 234.8775pt>
File: images/Experimentacion/Ejemplo3/ej3_c_1_10_me_wrong.png Graphic file (typ
e png)
<use images/Experimentacion/Ejemplo3/ej3_c_1_10_me_wrong.png>
Package pdftex.def Info: images/Experimentacion/Ejemplo3/ej3_c_1_10_me_wrong.pn
g  used on input line 865.
(pdftex.def)             Requested size: 186.4318pt x 152.66856pt.

Underfull \hbox (badness 10000) in paragraph at lines 866--866

 []

<images/Experimentacion/Ejemplo3/ej3_c_1_10_le_wrong.png, id=447, 284.56313pt x
 238.64156pt>
File: images/Experimentacion/Ejemplo3/ej3_c_1_10_le_wrong.png Graphic file (typ
e png)
<use images/Experimentacion/Ejemplo3/ej3_c_1_10_le_wrong.png>
Package pdftex.def Info: images/Experimentacion/Ejemplo3/ej3_c_1_10_le_wrong.pn
g  used on input line 871.
(pdftex.def)             Requested size: 184.96384pt x 155.11516pt.

Underfull \hbox (badness 10000) in paragraph at lines 872--872

 []

<images/Experimentacion/Ejemplo3/ej3_b_1_10_re_correct.png, id=448, 283.81032pt
 x 236.38312pt>
File: images/Experimentacion/Ejemplo3/ej3_b_1_10_re_correct.png Graphic file (t
ype png)
<use images/Experimentacion/Ejemplo3/ej3_b_1_10_re_correct.png>
Package pdftex.def Info: images/Experimentacion/Ejemplo3/ej3_b_1_10_re_correct.
png  used on input line 878.
(pdftex.def)             Requested size: 184.47452pt x 153.6472pt.

Underfull \hbox (badness 10000) in paragraph at lines 879--879

 []


Underfull \vbox (badness 10000) has occurred while \output is active []

File: images/Experimentacion/Ejemplo2/ej2_b_1_10_re_wrong.png Graphic file (typ
e png)
<use images/Experimentacion/Ejemplo2/ej2_b_1_10_re_wrong.png>
Package pdftex.def Info: images/Experimentacion/Ejemplo2/ej2_b_1_10_re_wrong.pn
g  used on input line 884.
(pdftex.def)             Requested size: 183.98518pt x 154.13652pt.

Underfull \hbox (badness 10000) in paragraph at lines 885--885

 []

<images/Experimentacion/Ejemplo3/ej3_c_1_10_re_wrong.png, id=449, 307.1475pt x 
240.9pt>
File: images/Experimentacion/Ejemplo3/ej3_c_1_10_re_wrong.png Graphic file (typ
e png)
<use images/Experimentacion/Ejemplo3/ej3_c_1_10_re_wrong.png>
Package pdftex.def Info: images/Experimentacion/Ejemplo3/ej3_c_1_10_re_wrong.pn
g  used on input line 890.
(pdftex.def)             Requested size: 199.6435pt x 156.58313pt.

Underfull \hbox (badness 10000) in paragraph at lines 891--891

 []

File: images/Experimentacion/Ejemplo3/ej3_c_1_10_re_wrong.png Graphic file (typ
e png)
<use images/Experimentacion/Ejemplo3/ej3_c_1_10_re_wrong.png>
Package pdftex.def Info: images/Experimentacion/Ejemplo3/ej3_c_1_10_re_wrong.pn
g  used on input line 896.
(pdftex.def)             Requested size: 199.6435pt x 156.58313pt.

Underfull \hbox (badness 10000) in paragraph at lines 897--897

 []


Underfull \vbox (badness 10000) has occurred while \output is active []

 [20 <./images/Experimentacion/Ejemplo3/ej3_c_1_10_me_correct.png> <./images/Ex
perimentacion/Ejemplo3/ej3_c_1_10_me_wrong.png> <./images/Experimentacion/Ejemp
lo3/ej3_c_1_10_le_wrong.png> <./images/Experimentacion/Ejemplo3/ej3_b_1_10_re_c
orrect.png> <./images/Experimentacion/Ejemplo3/ej3_c_1_10_re_wrong.png>] [21

] [22


]
Underfull \hbox (badness 10000) in paragraph at lines 910--913
\OT1/ptm/m/n/8 5-clustering-algorithms-data-scientists-need-to-know-a36d136ef68
[][]
 []


Underfull \hbox (badness 10000) in paragraph at lines 910--913

 []


Underfull \hbox (badness 10000) in paragraph at lines 916--919
[]\OT1/ptm/m/n/8 Seif, G., Un-dated. Su-per-Prof Ma-te-rial Did[]actico
 []


Underfull \hbox (badness 10000) in paragraph at lines 916--919
\OT1/ptm/m/n/8 - Cir-cun-cen-tro. [on-line] Medium. Avail-able at:
 []


Overfull \hbox (42.42009pt too wide) in paragraph at lines 916--919
[][]\OT1/ptm/m/n/8 https://www.superprof.es/apuntes/escolar/matematicas/analiti
ca/recta/circuncentro.html[][]
 []


Underfull \hbox (badness 10000) in paragraph at lines 916--919

 []


Underfull \hbox (badness 3229) in paragraph at lines 922--925
\OT1/ptm/m/n/8 Need To Know. [on-line] Medium. Avail-able at: [][]http://www.re
al-
 []


Underfull \hbox (badness 10000) in paragraph at lines 922--925
\OT1/ptm/m/n/8 statistics.com/multivariate-statistics/cluster-analysis/initiali
zing-clusters-
 []


** Conference Paper **
Before submitting the final camera ready copy, remember to:

 1. Manually equalize the lengths of two columns on the last page
 of your paper;

 2. Ensure that any PostScript and/or PDF output post-processing
 uses only Type 1 fonts and that every step in the generation
 process uses the appropriate paper size.

Package atveryend Info: Empty hook `BeforeClearDocument' on input line 928.
[23


]
Package atveryend Info: Empty hook `AfterLastShipout' on input line 928.
 (Documentacion.aux)
Package atveryend Info: Executing hook `AtVeryEndDocument' on input line 928.
Package atveryend Info: Executing hook `AtEndAfterFileList' on input line 928.
Package rerunfilecheck Info: File `Documentacion.out' has not changed.
(rerunfilecheck)             Checksum: 9499A3E9766A120D9E1263FC0D22B64A;1393.
Package atveryend Info: Empty hook `AtVeryVeryEnd' on input line 928.
 ) 
Here is how much of TeX's memory you used:
 9487 strings out of 480930
 172033 string characters out of 2909547
 423956 words of memory out of 3000000
 24956 multiletter control sequences out of 15000+200000
 564676 words of font info for 77 fonts, out of 3000000 for 9000
 1141 hyphenation exceptions out of 8191
 37i,16n,43p,914b,393s stack positions out of 5000i,500n,10000p,200000b,50000s
{C:/Program Files/MiKTeX 2.9/fonts/enc/dvips/base/8r.enc}<C:/Program Files/Mi
KTeX 2.9/fonts/type1/public/amsfonts/cm/cmmi10.pfb><C:/Program Files/MiKTeX 2.9
/fonts/type1/public/amsfonts/cm/cmr10.pfb><C:/Program Files/MiKTeX 2.9/fonts/ty
pe1/public/amsfonts/cm/cmsy10.pfb><C:/Program Files/MiKTeX 2.9/fonts/type1/publ
ic/amsfonts/cm/cmsy7.pfb><C:/Program Files/MiKTeX 2.9/fonts/type1/urw/times/utm
b8a.pfb><C:/Program Files/MiKTeX 2.9/fonts/type1/urw/times/utmbi8a.pfb><C:/Prog
ram Files/MiKTeX 2.9/fonts/type1/urw/times/utmr8a.pfb><C:/Program Files/MiKTeX 
2.9/fonts/type1/urw/times/utmri8a.pfb>
Output written on Documentacion.pdf (23 pages, 1195552 bytes).
PDF statistics:
 551 PDF objects out of 1000 (max. 8388607)
 174 named destinations out of 1000 (max. 500000)
 559 words of extra memory for PDF output out of 10000 (max. 10000000)

